<?xml version="1.0" encoding="UTF-8"?>
<!-- Generated by org.testng.reporters.JUnitReportReporter -->
<testsuite skipped="0" hostname="LAPTOP-ACPEIK89" name="com.learnerhub.testcases.TC001_JustLogin" tests="1" failures="0" timestamp="2023-06-18T18:38:33 IST" time="20.145" errors="0">
  <testcase name="runLogin" time="20.145" classname="com.learnerhub.testcases.TC001_JustLogin"/>
  <system-out/>
</testsuite> <!-- com.learnerhub.testcases.TC001_JustLogin -->
